Using pre-set license
Built from '2020.3/release' branch; Version is '2020.3.34f1 (9a4c9c70452b) revision 10112156'; Using compiler version '192528614'; Build Type 'Release'
OS: 'Windows 10  (10.0.19041) 64bit Professional' Language: 'ko' Physical Memory: 8122 MB
BatchMode: 1, IsHumanControllingUs: 0, StartBugReporterOnCrash: 0, Is64bit: 1, IsPro: 0

COMMAND LINE ARGUMENTS:
C:\Program Files\Unity\Hub\Editor\2020.3.34f1\Editor\Unity.exe
-adb2
-batchMode
-noUpm
-name
AssetImportWorker0
-projectPath
C:/Unity/UnTitle_Project
-logFile
Logs/AssetImportWorker0.log
-srvPort
13947
Successfully changed project path to: C:/Unity/UnTitle_Project
C:/Unity/UnTitle_Project
Using Asset Import Pipeline V2.
Refreshing native plugins compatible for Editor in 62.25 ms, found 3 plugins.
Preloading 0 native plugins for Editor in 0.00 ms.
Initialize engine version: 2020.3.34f1 (9a4c9c70452b)
[Subsystems] Discovering subsystems at path C:/Program Files/Unity/Hub/Editor/2020.3.34f1/Editor/Data/Resources/UnitySubsystems
[Subsystems] Discovering subsystems at path C:/Unity/UnTitle_Project/Assets
GfxDevice: creating device client; threaded=0
Direct3D:
    Version:  Direct3D 11.0 [level 11.1]
    Renderer: NVIDIA GeForce GTX 1050 Ti (ID=0x1c82)
    Vendor:   
    VRAM:     4018 MB
    Driver:   27.21.14.5671
Initialize mono
Mono path[0] = 'C:/Program Files/Unity/Hub/Editor/2020.3.34f1/Editor/Data/Managed'
Mono path[1] = 'C:/Program Files/Unity/Hub/Editor/2020.3.34f1/Editor/Data/MonoBleedingEdge/lib/mono/unityjit'
Mono config path = 'C:/Program Files/Unity/Hub/Editor/2020.3.34f1/Editor/Data/MonoBleedingEdge/etc'
Using monoOptions --debugger-agent=transport=dt_socket,embedding=1,server=y,suspend=n,address=127.0.0.1:56656
Begin MonoManager ReloadAssembly
Registering precompiled unity dll's ...
Register platform support module: C:/Program Files/Unity/Hub/Editor/2020.3.34f1/Editor/Data/PlaybackEngines/WindowsStandaloneSupport/UnityEditor.WindowsStandalone.Extensions.dll
Registered in 0.180126 seconds.
Native extension for WindowsStandalone target not found
Refreshing native plugins compatible for Editor in 59.51 ms, found 3 plugins.
Preloading 0 native plugins for Editor in 0.00 ms.
Mono: successfully reloaded assembly
- Completed reload, in  4.649 seconds
Domain Reload Profiling:
	ReloadAssembly (4649ms)
		BeginReloadAssembly (3127ms)
			ExecutionOrderSort (0ms)
			DisableScriptedObjects (0ms)
			BackupInstance (0ms)
			ReleaseScriptingObjects (0ms)
			CreateAndSetChildDomain (1ms)
		EndReloadAssembly (1130ms)
			LoadAssemblies (3130ms)
			RebuildTransferFunctionScriptingTraits (0ms)
			SetupTypeCache (553ms)
			ReleaseScriptCaches (0ms)
			RebuildScriptCaches (39ms)
			SetupLoadedEditorAssemblies (359ms)
				LogAssemblyErrors (0ms)
				InitializePlatformSupportModulesInManaged (5ms)
				SetLoadedEditorAssemblies (0ms)
				RefreshPlugins (60ms)
				BeforeProcessingInitializeOnLoad (164ms)
				ProcessInitializeOnLoadAttributes (92ms)
				ProcessInitializeOnLoadMethodAttributes (38ms)
				AfterProcessingInitializeOnLoad (0ms)
				EditorAssembliesLoaded (0ms)
			ExecutionOrderSort2 (0ms)
			AwakeInstancesAfterBackupRestoration (0ms)
Platform modules already initialized, skipping
Registering precompiled user dll's ...
Registered in 0.496166 seconds.
Begin MonoManager ReloadAssembly
Native extension for WindowsStandalone target not found
Refreshing native plugins compatible for Editor in 56.36 ms, found 3 plugins.
Preloading 0 native plugins for Editor in 0.00 ms.
Mono: successfully reloaded assembly
- Completed reload, in  6.195 seconds
Domain Reload Profiling:
	ReloadAssembly (6199ms)
		BeginReloadAssembly (192ms)
			ExecutionOrderSort (0ms)
			DisableScriptedObjects (6ms)
			BackupInstance (0ms)
			ReleaseScriptingObjects (0ms)
			CreateAndSetChildDomain (24ms)
		EndReloadAssembly (5902ms)
			LoadAssemblies (3159ms)
			RebuildTransferFunctionScriptingTraits (0ms)
			SetupTypeCache (1123ms)
			ReleaseScriptCaches (1ms)
			RebuildScriptCaches (56ms)
			SetupLoadedEditorAssemblies (1436ms)
				LogAssemblyErrors (0ms)
				InitializePlatformSupportModulesInManaged (4ms)
				SetLoadedEditorAssemblies (0ms)
				RefreshPlugins (56ms)
				BeforeProcessingInitializeOnLoad (96ms)
				ProcessInitializeOnLoadAttributes (440ms)
				ProcessInitializeOnLoadMethodAttributes (835ms)
				AfterProcessingInitializeOnLoad (5ms)
				EditorAssembliesLoaded (0ms)
			ExecutionOrderSort2 (0ms)
			AwakeInstancesAfterBackupRestoration (3ms)
Platform modules already initialized, skipping
========================================================================
Worker process is ready to serve import requests
Launched and connected shader compiler UnityShaderCompiler.exe after 0.14 seconds
Refreshing native plugins compatible for Editor in 0.72 ms, found 3 plugins.
Preloading 0 native plugins for Editor in 0.00 ms.
Unloading 2205 Unused Serialized files (Serialized files now loaded: 0)
System memory in use before: 97.1 MB.
System memory in use after: 97.0 MB.

Unloading 31 unused Assets to reduce memory usage. Loaded Objects now: 2636.
Total: 4.079300 ms (FindLiveObjects: 0.231800 ms CreateObjectMapping: 0.066600 ms MarkObjects: 3.585900 ms  DeleteObjects: 0.193200 ms)

AssetImportParameters requested are different than current active one (requested -> active):
  custom:framework-win-MediaFoundation: 216162199b28c13a410421893ffa2e32 -> 
  custom:video-decoder-ogg-theora: a1e56fd34408186e4bbccfd4996cb3dc -> 
  custom:container-muxer-webm: aa71ff27fc2769a1b78a27578f13a17b -> 
  custom:container-demuxer-webm: 4f35f7cbe854078d1ac9338744f61a02 -> 
  custom:container-demuxer-ogg: 62fdf1f143b41e24485cea50d1cbac27 -> 
  custom:video-encoder-webm-vp8: eb34c28f22e8b96e1ab97ce403110664 -> 
  custom:video-decoder-webm-vp8: 9c59270c3fd7afecdb556c50c9e8de78 -> 
  custom:audio-decoder-ogg-vorbis: bf7c407c2cedff20999df2af8eb42d56 -> 
  custom:audio-encoder-webm-vorbis: bf7c407c2cedff20999df2af8eb42d56 -> 
========================================================================
Received Import Request.
  path: Assets/Scenes/Lobby.unity
  artifactKey: Guid(cab5a1958fcc8534c83c5b6469078a2d) Importer(815301076,1909f56bfc062723c751e8b465ee728b)
Start importing Assets/Scenes/Lobby.unity using Guid(cab5a1958fcc8534c83c5b6469078a2d) Importer(815301076,1909f56bfc062723c751e8b465ee728b)  -> (artifact id: '7b608b15a66b073fa5babb321da72de2') in 0.011954 seconds 
========================================================================
Received Import Request.
  Time since last request: 170.917886 seconds.
  path: Assets/Scenes/SampleScene.unity
  artifactKey: Guid(2cda990e2423bbf4892e6590ba056729) Importer(815301076,1909f56bfc062723c751e8b465ee728b)
Start importing Assets/Scenes/SampleScene.unity using Guid(2cda990e2423bbf4892e6590ba056729) Importer(815301076,1909f56bfc062723c751e8b465ee728b)  -> (artifact id: '39830e642e86629427d938554181f2fd') in 0.010110 seconds 
========================================================================
Received Import Request.
  Time since last request: 28.468250 seconds.
  path: Assets/Scenes/Ingame.unity
  artifactKey: Guid(b95c5e04f53b462409d562f9d8afee5b) Importer(815301076,1909f56bfc062723c751e8b465ee728b)
Start importing Assets/Scenes/Ingame.unity using Guid(b95c5e04f53b462409d562f9d8afee5b) Importer(815301076,1909f56bfc062723c751e8b465ee728b)  -> (artifact id: '1dc7c4aca7b63af4151cd8214913371f') in 0.010528 seconds 
========================================================================
Received Import Request.
  Time since last request: 496.483605 seconds.
  path: Assets/Prefabs/L0_Canvas.prefab
  artifactKey: Guid(5f787f0d03a8296419b54ef6d76273e0) Importer(815301076,1909f56bfc062723c751e8b465ee728b)
Start importing Assets/Prefabs/L0_Canvas.prefab using Guid(5f787f0d03a8296419b54ef6d76273e0) Importer(815301076,1909f56bfc062723c751e8b465ee728b)  -> (artifact id: '30dc09fbca1de1899c492c33673b2e47') in 0.077682 seconds 
========================================================================
Received Import Request.
  Time since last request: 19.858758 seconds.
  path: Assets/Prefabs/Canvas.prefab
  artifactKey: Guid(68544516088639d479e61fed5ea2544f) Importer(815301076,1909f56bfc062723c751e8b465ee728b)
Start importing Assets/Prefabs/Canvas.prefab using Guid(68544516088639d479e61fed5ea2544f) Importer(815301076,1909f56bfc062723c751e8b465ee728b)  -> (artifact id: 'c8e49040dbad3c4e25af8044ee782434') in 0.011526 seconds 
========================================================================
Received Import Request.
  Time since last request: 5.339347 seconds.
  path: Assets/Prefabs/Common
  artifactKey: Guid(bb9b1a6e7aa42fb4fbd57e7d46041f52) Importer(815301076,1909f56bfc062723c751e8b465ee728b)
Start importing Assets/Prefabs/Common using Guid(bb9b1a6e7aa42fb4fbd57e7d46041f52) Importer(815301076,1909f56bfc062723c751e8b465ee728b)  -> (artifact id: 'd7d000a79e56948956ba946db53a04c7') in 0.008374 seconds 
========================================================================
Received Import Request.
  Time since last request: 5.227715 seconds.
  path: Assets/Prefabs/Ingame
  artifactKey: Guid(ab71b481fc64cde4a8aab059f6f96c0c) Importer(815301076,1909f56bfc062723c751e8b465ee728b)
Start importing Assets/Prefabs/Ingame using Guid(ab71b481fc64cde4a8aab059f6f96c0c) Importer(815301076,1909f56bfc062723c751e8b465ee728b)  -> (artifact id: 'de4d0a7d418d8002fbf934a8ffd52360') in 0.008470 seconds 
========================================================================
Received Import Request.
  Time since last request: 7.275459 seconds.
  path: Assets/Prefabs/Lobby
  artifactKey: Guid(75b7d6f920524864785e0828b2bfff26) Importer(815301076,1909f56bfc062723c751e8b465ee728b)
Start importing Assets/Prefabs/Lobby using Guid(75b7d6f920524864785e0828b2bfff26) Importer(815301076,1909f56bfc062723c751e8b465ee728b)  -> (artifact id: 'fcdc7b29e19352c8d59cd4d33930baa4') in 0.008571 seconds 
========================================================================
Received Import Request.
  Time since last request: 74.745966 seconds.
  path: Assets/Scenes/Lobby.unity
  artifactKey: Guid(cab5a1958fcc8534c83c5b6469078a2d) Importer(815301076,1909f56bfc062723c751e8b465ee728b)
Start importing Assets/Scenes/Lobby.unity using Guid(cab5a1958fcc8534c83c5b6469078a2d) Importer(815301076,1909f56bfc062723c751e8b465ee728b)  -> (artifact id: '6d957698b4b197d3c67272ababe38fe2') in 0.009279 seconds 
========================================================================
Received Import Request.
  Time since last request: 88.697672 seconds.
  path: Assets/Scenes/Ingame.unity
  artifactKey: Guid(b95c5e04f53b462409d562f9d8afee5b) Importer(815301076,1909f56bfc062723c751e8b465ee728b)
Start importing Assets/Scenes/Ingame.unity using Guid(b95c5e04f53b462409d562f9d8afee5b) Importer(815301076,1909f56bfc062723c751e8b465ee728b)  -> (artifact id: '927c3ce123f1008b6791efee481b0ff4') in 0.007357 seconds 
========================================================================
Received Import Request.
  Time since last request: 6.154948 seconds.
  path: Assets/Scenes/Lobby.unity
  artifactKey: Guid(cab5a1958fcc8534c83c5b6469078a2d) Importer(815301076,1909f56bfc062723c751e8b465ee728b)
Start importing Assets/Scenes/Lobby.unity using Guid(cab5a1958fcc8534c83c5b6469078a2d) Importer(815301076,1909f56bfc062723c751e8b465ee728b)  -> (artifact id: '4b3682652ffc72a2722f21e890b68156') in 0.004494 seconds 
AssetImportWorkerClient::OnTransportError - code=2 error=End of file
